[ INFO] - :58 2022-05-25 00:05:43 - Se añadió a La persona: David Rojas 19
[ INFO] - :58 2022-05-25 00:05:43 - Se añadió a La persona: Bladimir Baptista 20
[ INFO] - :58 2022-05-25 00:05:43 - Se añadió a La persona: Andrea Garcia 19
[ INFO] - :58 2022-05-25 00:05:43 - Se añadió a La persona: Andres Justiniano 19
[ INFO] - :58 2022-05-25 00:05:43 - Se añadió a La persona: Herbert Rodriguez 19
[ INFO] - :60 2022-05-25 00:05:43 - Se excluyó a 6454asdas asdsad 20  por no cumplir el formato
[ INFO] - :58 2022-05-25 00:05:43 - Se añadió a La persona: Paolo Rebori 50
[ INFO] - :58 2022-05-25 00:05:43 - Se añadió a La persona: Vladimir Calderon 30
[ INFO] - :58 2022-05-25 00:05:43 - Se añadió a La persona: David Rojas 19
[ INFO] - :58 2022-05-25 00:05:43 - Se añadió a La persona: Bladimir Baptista 20
[ INFO] - :58 2022-05-25 00:05:43 - Se añadió a La persona: Andrea Garcia 19
[ INFO] - :58 2022-05-25 00:05:43 - Se añadió a La persona: Andres Justiniano 19
[ INFO] - :58 2022-05-25 00:05:43 - Se añadió a La persona: Herbert Rodriguez 19
[ INFO] - :60 2022-05-25 00:05:43 - Se excluyó a 6454asdas asdsad 20  por no cumplir el formato
[ INFO] - :58 2022-05-25 00:05:43 - Se añadió a La persona: Paolo Rebori 50
[ INFO] - :58 2022-05-25 00:05:43 - Se añadió a La persona: Vladimir Calderon 30
[ INFO] - :58 2022-05-25 00:05:43 - Se añadió a La persona: David Rojas 19
[ INFO] - :58 2022-05-25 00:05:43 - Se añadió a La persona: Bladimir Baptista 20
[ INFO] - :58 2022-05-25 00:05:43 - Se añadió a La persona: Andrea Garcia 19
[ INFO] - :58 2022-05-25 00:05:43 - Se añadió a La persona: Andres Justiniano 19
[ INFO] - :58 2022-05-25 00:05:43 - Se añadió a La persona: Herbert Rodriguez 19
[ INFO] - :60 2022-05-25 00:05:43 - Se excluyó a 6454asdas asdsad 20  por no cumplir el formato
[ INFO] - :58 2022-05-25 00:05:43 - Se añadió a La persona: Paolo Rebori 50
[ INFO] - :58 2022-05-25 00:05:43 - Se añadió a La persona: Vladimir Calderon 30
[ INFO] - :58 2022-05-25 00:06:50 - Se añadió a La persona: David Rojas 19
[ INFO] - :60 2022-05-25 00:06:50 - Se excluyó a Paolo Rodríguez 18 por no cumplir el formato
[ INFO] - :58 2022-05-25 00:06:50 - Se añadió a La persona: Bladimir Baptista 20
[ INFO] - :58 2022-05-25 00:06:50 - Se añadió a La persona: Andrea Garcia 19
[ INFO] - :58 2022-05-25 00:06:50 - Se añadió a La persona: Andres Justiniano 19
[ INFO] - :58 2022-05-25 00:06:50 - Se añadió a La persona: Herbert Rodriguez 19
[ INFO] - :60 2022-05-25 00:06:50 - Se excluyó a 6454asdas asdsad 20  por no cumplir el formato
[ INFO] - :58 2022-05-25 00:06:50 - Se añadió a La persona: Paolo Rebori 50
[ INFO] - :58 2022-05-25 00:06:50 - Se añadió a La persona: Vladimir Calderon 30
[ INFO] - :58 2022-05-25 00:06:50 - Se añadió a La persona: David Rojas 19
[ INFO] - :58 2022-05-25 00:06:50 - Se añadió a La persona: Bladimir Baptista 20
[ INFO] - :58 2022-05-25 00:06:50 - Se añadió a La persona: Andrea Garcia 19
[ INFO] - :58 2022-05-25 00:06:50 - Se añadió a La persona: Andres Justiniano 19
[ INFO] - :58 2022-05-25 00:06:50 - Se añadió a La persona: Herbert Rodriguez 19
[ INFO] - :60 2022-05-25 00:06:50 - Se excluyó a 6454asdas asdsad 20  por no cumplir el formato
[ INFO] - :58 2022-05-25 00:06:50 - Se añadió a La persona: Paolo Rebori 50
[ INFO] - :58 2022-05-25 00:06:50 - Se añadió a La persona: Vladimir Calderon 30
[ INFO] - :58 2022-05-25 00:06:50 - Se añadió a La persona: David Rojas 19
[ INFO] - :58 2022-05-25 00:06:50 - Se añadió a La persona: Bladimir Baptista 20
[ INFO] - :58 2022-05-25 00:06:50 - Se añadió a La persona: Andrea Garcia 19
[ INFO] - :58 2022-05-25 00:06:50 - Se añadió a La persona: Andres Justiniano 19
[ INFO] - :58 2022-05-25 00:06:50 - Se añadió a La persona: Herbert Rodriguez 19
[ INFO] - :60 2022-05-25 00:06:50 - Se excluyó a 6454asdas asdsad 20  por no cumplir el formato
[ INFO] - :58 2022-05-25 00:06:50 - Se añadió a La persona: Paolo Rebori 50
[ INFO] - :58 2022-05-25 00:06:50 - Se añadió a La persona: Vladimir Calderon 30
[ INFO] - :60 2022-05-25 00:24:12 - Se excluyó a 6454asdas asdsad 20  por no cumplir el formato
[ INFO] - :60 2022-05-25 00:24:12 - Se excluyó a 6454asdas asdsad 20  por no cumplir el formato
[ INFO] - :60 2022-05-25 00:24:12 - Se excluyó a 6454asdas asdsad 20  por no cumplir el formato
[ INFO] - :60 2022-05-25 00:24:12 - Se excluyó a 6454asdas asdsad 20  por no cumplir el formato
[ INFO] - :60 2022-05-25 00:24:12 - Se excluyó a 6454asdas asdsad 20  por no cumplir el formato
[ INFO] - :60 2022-05-25 00:24:12 - Se excluyó a 6454asdas asdsad 20  por no cumplir el formato
[ INFO] - :60 2022-05-25 00:24:12 - Se excluyó a 6454asdas asdsad 20  por no cumplir el formato
[ INFO] - :60 2022-05-25 00:24:12 - Se excluyó a  por no cumplir el formato
[ INFO] - :84 2022-05-25 00:24:46 - Se ha eliminado a: La persona: Davíd Rójàs 19
[ INFO] - :84 2022-05-25 00:24:52 - Se ha eliminado a: La persona: Bladimir Baptista 20
[ INFO] - :64 2022-05-25 00:31:16 - Se excluyó a 6454asdas asdsad 20  por no cumplir el formato
[ INFO] - :64 2022-05-25 00:31:16 - Se excluyó a 6454asdas asdsad 20  por no cumplir el formato
[ INFO] - :64 2022-05-25 00:31:16 - Se excluyó a 6454asdas asdsad 20  por no cumplir el formato
[ INFO] - :64 2022-05-25 00:31:16 - Se excluyó a 6454asdas asdsad 20  por no cumplir el formato
[ INFO] - :64 2022-05-25 00:31:16 - Se excluyó a 6454asdas asdsad 20  por no cumplir el formato
[ INFO] - :64 2022-05-25 00:31:16 - Se excluyó a 6454asdas asdsad 20  por no cumplir el formato
[ INFO] - :64 2022-05-25 00:31:16 - Se excluyó a 6454asdas asdsad 20  por no cumplir el formato
[ INFO] - :64 2022-05-25 00:31:16 - Se excluyó a  por no cumplir el formato
[ INFO] - :63 2022-05-25 00:32:38 - Se excluyó a 6454asdas asdsad 20  por no cumplir el formato
[ INFO] - :63 2022-05-25 00:33:08 - Se excluyó a 6454asdas asdsad 20  por no cumplir el formato
[ INFO] - :63 2022-05-25 00:33:47 - Se excluyó a 6454asdas asdsad 20  por no cumplir el formato
[ INFO] - :63 2022-05-25 00:34:23 - Se excluyó a 6454asdas asdsad 20  por no cumplir el formato
[ INFO] - :63 2022-05-25 00:34:45 - Se excluyó a 6454asdas asdsad 20  por no cumplir el formato
[ INFO] - :63 2022-05-25 00:34:58 - Se excluyó a 6454asdas asdsad 20  por no cumplir el formato
[ INFO] - :63 2022-05-25 00:35:17 - Se excluyó a 6454asdas asdsad 20  por no cumplir el formato
[ INFO] - :86 2022-05-25 00:35:30 - Se ha eliminado a: La persona: Bladimir Baptista 20
[ INFO] - :86 2022-05-25 00:35:54 - Se ha eliminado a: La persona: Bladimir Baptista 20
[ INFO] - :63 2022-05-25 00:36:22 - Se excluyó a 6454asdas asdsad 20  por no cumplir el formato
[ INFO] - :86 2022-05-25 00:36:25 - Se ha eliminado a: La persona: Davíd Rójàs 19
[ INFO] - :63 2022-05-25 00:37:31 - Se excluyó a 6454asdas asdsad 20  por no cumplir el formato
[ INFO] - :86 2022-05-25 00:37:33 - Se ha eliminado a: La persona: Paolo Rodríguez 18
[ INFO] - :63 2022-05-25 00:38:18 - Se excluyó a 6454asdas asdsad 20  por no cumplir el formato
[ INFO] - :86 2022-05-25 00:38:19 - Se ha eliminado a: La persona: Paolo Rodríguez 18
[ INFO] - :63 2022-05-25 01:00:57 - Se excluyó a 6454asdas asdsad 20  por no cumplir el formato
[ INFO] - :87 2022-05-25 01:00:59 - Se ha eliminado a: Persona: Davíd Rójàs 19
[ INFO] - :87 2022-05-25 01:01:19 - Se ha eliminado a: Persona: Paolo Rebori 50
[ INFO] - :63 2022-05-25 01:02:17 - Se excluyó a 6454asdas asdsad 20  por no cumplir el formato
[ INFO] - :63 2022-05-25 01:02:17 - Se excluyó a 6454asdas asdsad 20  por no cumplir el formato
[ INFO] - :63 2022-05-25 01:02:17 - Se excluyó a 6454asdas asdsad 20  por no cumplir el formato
[ INFO] - :63 2022-05-25 01:02:17 - Se excluyó a 6454asdas asdsad 20  por no cumplir el formato
[ INFO] - :63 2022-05-25 01:02:17 - Se excluyó a 6454asdas asdsad 20  por no cumplir el formato
[ INFO] - :63 2022-05-25 01:02:17 - Se excluyó a 6454asdas asdsad 20  por no cumplir el formato
[ INFO] - :63 2022-05-25 01:02:17 - Se excluyó a 6454asdas asdsad 20  por no cumplir el formato
[ INFO] - :63 2022-05-25 01:02:17 - Se excluyó a 6454asdas asdsad 20  por no cumplir el formato
[ INFO] - :63 2022-05-25 13:20:54 - Se excluyó a 6454asdas asdsad 20  por no cumplir el formato
[ INFO] - :63 2022-05-25 13:20:54 - Se excluyó a 6454asdas asdsad 20  por no cumplir el formato
[ INFO] - :63 2022-05-25 13:20:54 - Se excluyó a 6454asdas asdsad 20  por no cumplir el formato
[ INFO] - :63 2022-05-25 13:20:54 - Se excluyó a 6454asdas asdsad 20  por no cumplir el formato
[ INFO] - :63 2022-05-25 13:20:54 - Se excluyó a 6454asdas asdsad 20  por no cumplir el formato
[ INFO] - :63 2022-05-25 13:20:54 - Se excluyó a 6454asdas asdsad 20  por no cumplir el formato
[ INFO] - :63 2022-05-25 13:20:54 - Se excluyó a 6454asdas asdsad 20  por no cumplir el formato
[ INFO] - :63 2022-05-25 13:20:54 - Se excluyó a 6454asdas asdsad 20  por no cumplir el formato
[ INFO] - :63 2022-05-25 13:22:31 - Se excluyó a 6454asdas asdsad 20  por no cumplir el formato
[ INFO] - :63 2022-05-25 13:22:31 - Se excluyó a 6454asdas asdsad 20  por no cumplir el formato
[ INFO] - :63 2022-05-25 13:22:31 - Se excluyó a 6454asdas asdsad 20  por no cumplir el formato
[ INFO] - :63 2022-05-25 13:22:31 - Se excluyó a 6454asdas asdsad 20  por no cumplir el formato
[ INFO] - :63 2022-05-25 13:22:31 - Se excluyó a 6454asdas asdsad 20  por no cumplir el formato
[ INFO] - :63 2022-05-25 13:22:31 - Se excluyó a 6454asdas asdsad 20  por no cumplir el formato
[ INFO] - :63 2022-05-25 13:22:31 - Se excluyó a 6454asdas asdsad 20  por no cumplir el formato
[ INFO] - :63 2022-05-25 13:22:31 - Se excluyó a 6454asdas asdsad 20  por no cumplir el formato
[ INFO] - :87 2022-05-25 13:23:00 - Se ha eliminado a: Persona: Davíd Rójàs 19
[ INFO] - :63 2022-05-25 14:37:01 - Se excluyó a 6454asdas asdsad 20  por no cumplir el formato
[ INFO] - :63 2022-05-25 14:37:01 - Se excluyó a 6454asdas asdsad 20  por no cumplir el formato
[ INFO] - :63 2022-05-25 14:37:01 - Se excluyó a 6454asdas asdsad 20  por no cumplir el formato
[ INFO] - :63 2022-05-25 14:37:01 - Se excluyó a 6454asdas asdsad 20  por no cumplir el formato
[ INFO] - :63 2022-05-25 14:37:01 - Se excluyó a 6454asdas asdsad 20  por no cumplir el formato
[ INFO] - :63 2022-05-25 14:37:01 - Se excluyó a 6454asdas asdsad 20  por no cumplir el formato
[ INFO] - :63 2022-05-25 14:37:01 - Se excluyó a 6454asdas asdsad 20  por no cumplir el formato
[ INFO] - :63 2022-05-25 14:37:01 - Se excluyó a 6454asdas asdsad 20  por no cumplir el formato
