[ INFO] - :62 2022-05-24 01:27:53 - Se añadió a El nombre es: David Rojas
[ INFO] - :62 2022-05-24 01:27:53 - Se añadió a El nombre es: Andrea Garcia
[ INFO] - :62 2022-05-24 01:27:53 - Se añadió a El nombre es: Andres Justiniano
[ INFO] - :63 2022-05-24 01:29:21 - Se añadió a El nombre es: David Rojas
[ INFO] - :63 2022-05-24 01:29:21 - Se añadió a El nombre es: Andrea Garcia
[ INFO] - :63 2022-05-24 01:29:21 - Se añadió a El nombre es: Andres Justiniano
[ INFO] - :63 2022-05-24 01:29:43 - Se añadió a El nombre es: David Rojas
[ INFO] - :63 2022-05-24 01:29:43 - Se añadió a El nombre es: Andrea Garcia
[ INFO] - :63 2022-05-24 01:29:43 - Se añadió a El nombre es: Andres Justiniano
[ INFO] - :63 2022-05-24 01:30:07 - Se añadió a El nombre es: David Rojas
[ INFO] - :63 2022-05-24 01:30:07 - Se añadió a El nombre es: Andrea Garcia
[ INFO] - :63 2022-05-24 01:30:07 - Se añadió a El nombre es: Andres Justiniano
[ INFO] - :63 2022-05-24 01:31:54 - Se añadió a El nombre es: David Rojas
[ INFO] - :63 2022-05-24 01:31:54 - Se añadió a El nombre es: Andrea Garcia
[ INFO] - :63 2022-05-24 01:31:54 - Se añadió a El nombre es: Andres Justiniano
[ INFO] - :63 2022-05-24 11:58:39 - Se añadió a El nombre es: David Rojas
[ INFO] - :63 2022-05-24 11:58:39 - Se añadió a El nombre es: Andrea Garcia
[ INFO] - :63 2022-05-24 11:58:39 - Se añadió a El nombre es: Andres Justiniano
[ INFO] - :69 2022-05-24 12:06:23 - Se añadió a El nombre es: David Rojas
[ INFO] - :69 2022-05-24 12:06:23 - Se añadió a El nombre es: Andrea Garcia
[ INFO] - :69 2022-05-24 12:06:23 - Se añadió a El nombre es: Andres Justiniano
[ INFO] - :69 2022-05-24 12:07:04 - Se añadió a El nombre es: David Rojas
[ INFO] - :69 2022-05-24 12:07:04 - Se añadió a El nombre es: Andrea Garcia
[ INFO] - :69 2022-05-24 12:07:04 - Se añadió a El nombre es: Andres Justiniano
[ INFO] - :69 2022-05-24 12:08:52 - Se añadió a El nombre es: David Rojas
[ INFO] - :69 2022-05-24 12:08:52 - Se añadió a El nombre es: Andrea Garcia
[ INFO] - :69 2022-05-24 12:08:52 - Se añadió a El nombre es: Andres Justiniano
[ INFO] - :69 2022-05-24 12:14:12 - Se añadió a El nombre es: David Rojas
[ INFO] - :69 2022-05-24 12:14:12 - Se añadió a El nombre es: Andrea Garcia
[ INFO] - :69 2022-05-24 12:14:12 - Se añadió a El nombre es: Andres Justiniano
[ INFO] - :69 2022-05-24 12:14:28 - Se añadió a El nombre es: David Rojas
[ INFO] - :69 2022-05-24 12:14:28 - Se añadió a El nombre es: Andrea Garcia
[ INFO] - :69 2022-05-24 12:14:28 - Se añadió a El nombre es: Andres Justiniano
[ INFO] - :69 2022-05-24 12:14:50 - Se añadió a El nombre es: David Rojas
[ INFO] - :69 2022-05-24 12:14:50 - Se añadió a El nombre es: Andrea Garcia
[ INFO] - :69 2022-05-24 12:14:50 - Se añadió a El nombre es: Andres Justiniano
[ INFO] - :69 2022-05-24 12:15:17 - Se añadió a El nombre es: David Rojas
[ INFO] - :69 2022-05-24 12:15:17 - Se añadió a El nombre es: Andrea Garcia
[ INFO] - :69 2022-05-24 12:15:17 - Se añadió a El nombre es: Andres Justiniano
[ INFO] - :69 2022-05-24 12:15:36 - Se añadió a El nombre es: David Rojas
[ INFO] - :69 2022-05-24 12:15:36 - Se añadió a El nombre es: Andrea Garcia
[ INFO] - :69 2022-05-24 12:15:36 - Se añadió a El nombre es: Andres Justiniano
[ INFO] - :69 2022-05-24 12:16:09 - Se añadió a El nombre es: David Rojas
[ INFO] - :69 2022-05-24 12:16:09 - Se añadió a El nombre es: Andrea Garcia
[ INFO] - :69 2022-05-24 12:16:10 - Se añadió a El nombre es: Andres Justiniano
[ INFO] - :69 2022-05-24 13:06:52 - Se añadió a El nombre es: David Rojas
[ INFO] - :69 2022-05-24 13:06:52 - Se añadió a El nombre es: Andrea Garcia
[ INFO] - :69 2022-05-24 13:06:52 - Se añadió a El nombre es: Andres Justiniano
[ INFO] - :69 2022-05-24 13:07:19 - Se añadió a El nombre es: David Rojas
[ INFO] - :69 2022-05-24 13:07:19 - Se añadió a El nombre es: Andrea Garcia
[ INFO] - :69 2022-05-24 13:07:19 - Se añadió a El nombre es: Andres Justiniano
[ INFO] - :69 2022-05-24 13:08:22 - Se añadió a El nombre es: David Rojas
[ INFO] - :69 2022-05-24 13:08:22 - Se añadió a El nombre es: Andrea Garcia
[ INFO] - :69 2022-05-24 13:08:22 - Se añadió a El nombre es: Andres Justiniano
[ INFO] - :69 2022-05-24 13:08:41 - Se añadió a El nombre es: David Rojas
[ INFO] - :69 2022-05-24 13:08:41 - Se añadió a El nombre es: Andrea Garcia
[ INFO] - :69 2022-05-24 13:08:41 - Se añadió a El nombre es: Andres Justiniano
[ INFO] - :71 2022-05-24 18:01:38 - Se añadió a La persona:avi oja 19
[ INFO] - :71 2022-05-24 18:01:38 - Se añadió a La persona:ndre arci 19
[ INFO] - :71 2022-05-24 18:01:38 - Se añadió a La persona:ndre ustinian 19
[ INFO] - :71 2022-05-24 18:01:38 - Se añadió a La persona:erber odrigue 19
[ INFO] - :71 2022-05-24 18:01:38 - Se añadió a La persona:ladimi aptist 20
[ INFO] - :71 2022-05-24 18:03:05 - Se añadió a La persona:avi oja 19
[ INFO] - :71 2022-05-24 18:03:05 - Se añadió a La persona:ndre arci 19
[ INFO] - :71 2022-05-24 18:03:05 - Se añadió a La persona:ndre ustinian 19
[ INFO] - :71 2022-05-24 18:03:05 - Se añadió a La persona:erber odrigue 19
[ INFO] - :71 2022-05-24 18:03:05 - Se añadió a La persona:ladimi aptist 20
[ INFO] - :71 2022-05-24 18:05:52 - Se añadió a La persona:ladimi aptist 20
[ INFO] - :71 2022-05-24 18:05:52 - Se añadió a La persona:avi oja 19
[ INFO] - :71 2022-05-24 18:05:52 - Se añadió a La persona:ndre arci 19
[ INFO] - :71 2022-05-24 18:05:52 - Se añadió a La persona:ndre ustinian 19
[ INFO] - :71 2022-05-24 18:08:20 - Se añadió a La persona:Bladimi Baptist 20
[ INFO] - :71 2022-05-24 18:08:20 - Se añadió a La persona:Davi Roja 19
[ INFO] - :71 2022-05-24 18:08:20 - Se añadió a La persona:Andre Garci 19
[ INFO] - :71 2022-05-24 18:08:20 - Se añadió a La persona:Andre Justinian 19
[ INFO] - :71 2022-05-24 18:08:20 - Se añadió a La persona:Herber Rodrigue 19
[ INFO] - :71 2022-05-24 18:09:23 - Se añadió a La persona:Bladimir Baptista 20
[ INFO] - :71 2022-05-24 18:09:23 - Se añadió a La persona:David Rojas 19
[ INFO] - :71 2022-05-24 18:09:23 - Se añadió a La persona:Andrea Garcia 19
[ INFO] - :71 2022-05-24 18:09:23 - Se añadió a La persona:Andres Justiniano 19
[ INFO] - :71 2022-05-24 18:09:23 - Se añadió a La persona:Herbert Rodriguez 19
[ INFO] - :71 2022-05-24 18:47:09 - Se añadió a La persona: Bladimir Baptista 20
[ INFO] - :71 2022-05-24 18:47:09 - Se añadió a La persona: David Rojas 1
[ INFO] - :71 2022-05-24 18:47:09 - Se añadió a La persona: Andrea Garcia 19
[ INFO] - :71 2022-05-24 18:47:09 - Se añadió a La persona: Andres Justiniano 1
[ INFO] - :71 2022-05-24 18:47:09 - Se añadió a La persona: Herbert Rodriguez 19
[ INFO] - :71 2022-05-24 18:47:09 - Se añadió a La persona: Paolo Rebori 5
[ INFO] - :71 2022-05-24 18:47:09 - Se añadió a La persona: Vladimir Calderon 30
[ INFO] - :71 2022-05-24 18:47:09 - Se añadió a La persona: Bladimir Baptista 20
[ INFO] - :71 2022-05-24 18:47:09 - Se añadió a La persona: David Rojas 1
[ INFO] - :71 2022-05-24 18:47:09 - Se añadió a La persona: Andrea Garcia 19
[ INFO] - :71 2022-05-24 18:47:09 - Se añadió a La persona: Andres Justiniano 1
[ INFO] - :71 2022-05-24 18:47:09 - Se añadió a La persona: Herbert Rodriguez 19
[ INFO] - :71 2022-05-24 18:47:09 - Se añadió a La persona: Paolo Rebori 5
[ INFO] - :71 2022-05-24 18:47:09 - Se añadió a La persona: Vladimir Calderon 30
[ INFO] - :71 2022-05-24 18:47:09 - Se añadió a La persona: Bladimir Baptista 20
[ INFO] - :71 2022-05-24 18:47:09 - Se añadió a La persona: David Rojas 1
[ INFO] - :71 2022-05-24 18:47:09 - Se añadió a La persona: Andrea Garcia 19
[ INFO] - :71 2022-05-24 18:47:09 - Se añadió a La persona: Andres Justiniano 1
[ INFO] - :71 2022-05-24 18:47:09 - Se añadió a La persona: Herbert Rodriguez 19
[ INFO] - :71 2022-05-24 18:47:09 - Se añadió a La persona: Paolo Rebori 5
[ INFO] - :71 2022-05-24 18:47:09 - Se añadió a La persona: Vladimir Calderon 30
[ INFO] - :71 2022-05-24 18:47:09 - Se añadió a La persona: Bladimir Baptista 20
[ INFO] - :71 2022-05-24 18:47:09 - Se añadió a La persona: David Rojas 1
[ INFO] - :71 2022-05-24 18:47:09 - Se añadió a La persona: Andrea Garcia 19
[ INFO] - :71 2022-05-24 18:47:09 - Se añadió a La persona: Andres Justiniano 1
[ INFO] - :71 2022-05-24 18:47:09 - Se añadió a La persona: Herbert Rodriguez 19
[ INFO] - :71 2022-05-24 18:47:09 - Se añadió a La persona: Paolo Rebori 5
[ INFO] - :71 2022-05-24 18:47:09 - Se añadió a La persona: Vladimir Calderon 30
[ INFO] - :71 2022-05-24 18:47:09 - Se añadió a La persona: Bladimir Baptista 20
[ INFO] - :71 2022-05-24 18:47:09 - Se añadió a La persona: David Rojas 1
[ INFO] - :71 2022-05-24 18:47:09 - Se añadió a La persona: Andrea Garcia 19
[ INFO] - :71 2022-05-24 18:47:09 - Se añadió a La persona: Andres Justiniano 1
[ INFO] - :71 2022-05-24 18:47:09 - Se añadió a La persona: Herbert Rodriguez 19
[ INFO] - :71 2022-05-24 18:47:09 - Se añadió a La persona: Paolo Rebori 5
[ INFO] - :71 2022-05-24 18:47:09 - Se añadió a La persona: Vladimir Calderon 30
[ INFO] - :71 2022-05-24 18:47:09 - Se añadió a La persona: Bladimir Baptista 20
[ INFO] - :71 2022-05-24 18:47:09 - Se añadió a La persona: David Rojas 1
[ INFO] - :71 2022-05-24 18:47:09 - Se añadió a La persona: Andrea Garcia 19
[ INFO] - :71 2022-05-24 18:47:09 - Se añadió a La persona: Andres Justiniano 1
[ INFO] - :71 2022-05-24 18:47:09 - Se añadió a La persona: Herbert Rodriguez 19
[ INFO] - :71 2022-05-24 18:47:09 - Se añadió a La persona: Paolo Rebori 5
[ INFO] - :71 2022-05-24 18:47:09 - Se añadió a La persona: Vladimir Calderon 30
[ INFO] - :71 2022-05-24 18:47:44 - Se añadió a La persona: Bladimir Baptista 20
[ INFO] - :71 2022-05-24 18:47:44 - Se añadió a La persona: David Rojas 1
[ INFO] - :71 2022-05-24 18:47:44 - Se añadió a La persona: Andrea Garcia 19
[ INFO] - :71 2022-05-24 18:47:44 - Se añadió a La persona: Andres Justiniano 1
[ INFO] - :71 2022-05-24 18:47:44 - Se añadió a La persona: Herbert Rodriguez 19
[ INFO] - :71 2022-05-24 18:47:44 - Se añadió a La persona: Paolo Rebori 5
[ INFO] - :71 2022-05-24 18:47:44 - Se añadió a La persona: Vladimir Calderon 30
[ INFO] - :71 2022-05-24 18:47:44 - Se añadió a La persona: Bladimir Baptista 20
[ INFO] - :71 2022-05-24 18:47:44 - Se añadió a La persona: David Rojas 1
[ INFO] - :71 2022-05-24 18:47:44 - Se añadió a La persona: Andrea Garcia 19
[ INFO] - :71 2022-05-24 18:47:44 - Se añadió a La persona: Andres Justiniano 1
[ INFO] - :71 2022-05-24 18:47:44 - Se añadió a La persona: Herbert Rodriguez 19
[ INFO] - :71 2022-05-24 18:47:44 - Se añadió a La persona: Paolo Rebori 5
[ INFO] - :71 2022-05-24 18:47:44 - Se añadió a La persona: Vladimir Calderon 30
[ INFO] - :71 2022-05-24 18:47:44 - Se añadió a La persona: Bladimir Baptista 20
[ INFO] - :71 2022-05-24 18:47:44 - Se añadió a La persona: David Rojas 1
[ INFO] - :71 2022-05-24 18:47:44 - Se añadió a La persona: Andrea Garcia 19
[ INFO] - :71 2022-05-24 18:47:44 - Se añadió a La persona: Andres Justiniano 1
[ INFO] - :71 2022-05-24 18:47:44 - Se añadió a La persona: Herbert Rodriguez 19
[ INFO] - :71 2022-05-24 18:47:44 - Se añadió a La persona: Paolo Rebori 5
[ INFO] - :71 2022-05-24 18:47:44 - Se añadió a La persona: Vladimir Calderon 30
[ INFO] - :71 2022-05-24 18:47:44 - Se añadió a La persona: Bladimir Baptista 20
[ INFO] - :71 2022-05-24 18:47:44 - Se añadió a La persona: David Rojas 1
[ INFO] - :71 2022-05-24 18:47:44 - Se añadió a La persona: Andrea Garcia 19
[ INFO] - :71 2022-05-24 18:47:44 - Se añadió a La persona: Andres Justiniano 1
[ INFO] - :71 2022-05-24 18:47:44 - Se añadió a La persona: Herbert Rodriguez 19
[ INFO] - :71 2022-05-24 18:47:44 - Se añadió a La persona: Paolo Rebori 5
[ INFO] - :71 2022-05-24 18:47:44 - Se añadió a La persona: Vladimir Calderon 30
[ INFO] - :71 2022-05-24 18:47:44 - Se añadió a La persona: Bladimir Baptista 20
[ INFO] - :71 2022-05-24 18:47:44 - Se añadió a La persona: David Rojas 1
[ INFO] - :71 2022-05-24 18:47:44 - Se añadió a La persona: Andrea Garcia 19
[ INFO] - :71 2022-05-24 18:47:44 - Se añadió a La persona: Andres Justiniano 1
[ INFO] - :71 2022-05-24 18:47:44 - Se añadió a La persona: Herbert Rodriguez 19
[ INFO] - :71 2022-05-24 18:47:44 - Se añadió a La persona: Paolo Rebori 5
[ INFO] - :71 2022-05-24 18:47:44 - Se añadió a La persona: Vladimir Calderon 30
[ INFO] - :71 2022-05-24 18:47:44 - Se añadió a La persona: Bladimir Baptista 20
[ INFO] - :71 2022-05-24 18:47:44 - Se añadió a La persona: David Rojas 1
[ INFO] - :71 2022-05-24 18:47:44 - Se añadió a La persona: Andrea Garcia 19
[ INFO] - :71 2022-05-24 18:47:44 - Se añadió a La persona: Andres Justiniano 1
[ INFO] - :71 2022-05-24 18:47:44 - Se añadió a La persona: Herbert Rodriguez 19
[ INFO] - :71 2022-05-24 18:47:44 - Se añadió a La persona: Paolo Rebori 5
[ INFO] - :71 2022-05-24 18:47:44 - Se añadió a La persona: Vladimir Calderon 30
[ INFO] - :73 2022-05-24 19:16:15 - Se añadió a La persona: David Rojas 19
[ INFO] - :73 2022-05-24 19:16:15 - Se añadió a La persona: Bladimir Baptista 20
[ INFO] - :73 2022-05-24 19:16:15 - Se añadió a La persona: Andrea Garcia 19
[ INFO] - :73 2022-05-24 19:16:15 - Se añadió a La persona: Andres Justiniano 19
[ INFO] - :73 2022-05-24 19:16:15 - Se añadió a La persona: Herbert Rodriguez 19
[ INFO] - :73 2022-05-24 19:16:15 - Se añadió a La persona: Paolo Rebori 50
[ INFO] - :73 2022-05-24 19:16:15 - Se añadió a La persona: Vladimir Calderon 30
[ INFO] - :73 2022-05-24 19:26:34 - Se añadió a La persona: David Rojas 19
[ INFO] - :73 2022-05-24 19:26:34 - Se añadió a La persona: Bladimir Baptista 20
[ INFO] - :73 2022-05-24 19:26:34 - Se añadió a La persona: Andrea Garcia 19
[ INFO] - :73 2022-05-24 19:26:34 - Se añadió a La persona: Andres Justiniano 19
[ INFO] - :73 2022-05-24 19:26:34 - Se añadió a La persona: Herbert Rodriguez 19
[ INFO] - :73 2022-05-24 19:26:34 - Se añadió a La persona: Paolo Rebori 50
[ INFO] - :73 2022-05-24 19:26:34 - Se añadió a La persona: Vladimir Calderon 30
[ INFO] - :58 2022-05-24 20:06:00 - Se añadió a La persona: David Rojas 19
[ INFO] - :58 2022-05-24 20:06:00 - Se añadió a La persona: Bladimir Baptista 20
[ INFO] - :58 2022-05-24 20:06:00 - Se añadió a La persona: Andrea Garcia 19
[ INFO] - :58 2022-05-24 20:06:00 - Se añadió a La persona: Andres Justiniano 19
[ INFO] - :58 2022-05-24 20:06:00 - Se añadió a La persona: Herbert Rodriguez 19
[ INFO] - :58 2022-05-24 20:06:00 - Se añadió a La persona: Paolo Rebori 50
[ INFO] - :58 2022-05-24 20:06:00 - Se añadió a La persona: Vladimir Calderon 30
[ INFO] - :58 2022-05-24 20:06:52 - Se añadió a La persona: David Rojas 19
[ INFO] - :58 2022-05-24 20:06:52 - Se añadió a La persona: Bladimir Baptista 20
[ INFO] - :58 2022-05-24 20:06:52 - Se añadió a La persona: Andrea Garcia 19
[ INFO] - :58 2022-05-24 20:06:52 - Se añadió a La persona: Andres Justiniano 19
[ INFO] - :58 2022-05-24 20:06:52 - Se añadió a La persona: Herbert Rodriguez 19
[ INFO] - :58 2022-05-24 20:06:52 - Se añadió a La persona: Paolo Rebori 50
[ INFO] - :58 2022-05-24 20:06:52 - Se añadió a La persona: Vladimir Calderon 30
[ INFO] - :58 2022-05-24 20:07:49 - Se añadió a La persona: David Rojas 19
[ INFO] - :58 2022-05-24 20:07:49 - Se añadió a La persona: Bladimir Baptista 20
[ INFO] - :58 2022-05-24 20:07:49 - Se añadió a La persona: Andrea Garcia 19
[ INFO] - :58 2022-05-24 20:07:49 - Se añadió a La persona: Andres Justiniano 19
[ INFO] - :58 2022-05-24 20:07:49 - Se añadió a La persona: Herbert Rodriguez 19
[ INFO] - :58 2022-05-24 20:07:49 - Se añadió a La persona: Paolo Rebori 50
[ INFO] - :58 2022-05-24 20:07:49 - Se añadió a La persona: Vladimir Calderon 30
[ INFO] - :58 2022-05-24 22:44:57 - Se añadió a La persona: David Rojas 19
[ INFO] - :58 2022-05-24 22:44:57 - Se añadió a La persona: Bladimir Baptista 20
[ INFO] - :58 2022-05-24 22:44:57 - Se añadió a La persona: Andrea Garcia 19
[ INFO] - :58 2022-05-24 22:44:57 - Se añadió a La persona: Andres Justiniano 19
[ INFO] - :58 2022-05-24 22:44:57 - Se añadió a La persona: Herbert Rodriguez 19
[ INFO] - :58 2022-05-24 22:44:57 - Se añadió a La persona: Paolo Rebori 50
[ INFO] - :58 2022-05-24 22:44:57 - Se añadió a La persona: Vladimir Calderon 30
[ INFO] - :58 2022-05-24 22:47:49 - Se añadió a La persona: David Rojas 19
[ INFO] - :58 2022-05-24 22:47:49 - Se añadió a La persona: Bladimir Baptista 20
[ INFO] - :58 2022-05-24 22:47:49 - Se añadió a La persona: Andrea Garcia 19
[ INFO] - :58 2022-05-24 22:47:49 - Se añadió a La persona: Andres Justiniano 19
[ INFO] - :58 2022-05-24 22:47:49 - Se añadió a La persona: Herbert Rodriguez 19
[ INFO] - :58 2022-05-24 22:47:49 - Se añadió a La persona: Paolo Rebori 50
[ INFO] - :58 2022-05-24 22:47:49 - Se añadió a La persona: Vladimir Calderon 30
[ INFO] - :58 2022-05-24 22:48:42 - Se añadió a La persona: David Rojas 19
[ INFO] - :58 2022-05-24 22:48:42 - Se añadió a La persona: Bladimir Baptista 20
[ INFO] - :58 2022-05-24 22:48:42 - Se añadió a La persona: Andrea Garcia 19
[ INFO] - :58 2022-05-24 22:48:42 - Se añadió a La persona: Andres Justiniano 19
[ INFO] - :58 2022-05-24 22:48:42 - Se añadió a La persona: Herbert Rodriguez 19
[ INFO] - :58 2022-05-24 22:48:42 - Se añadió a La persona: Paolo Rebori 50
[ INFO] - :58 2022-05-24 22:48:42 - Se añadió a La persona: Vladimir Calderon 30
[ INFO] - :58 2022-05-24 22:49:15 - Se añadió a La persona: David Rojas 19
[ INFO] - :58 2022-05-24 22:49:15 - Se añadió a La persona: Bladimir Baptista 20
[ INFO] - :58 2022-05-24 22:49:15 - Se añadió a La persona: Andrea Garcia 19
[ INFO] - :58 2022-05-24 22:49:15 - Se añadió a La persona: Andres Justiniano 19
[ INFO] - :58 2022-05-24 22:49:15 - Se añadió a La persona: Herbert Rodriguez 19
[ INFO] - :58 2022-05-24 22:49:15 - Se añadió a La persona: Paolo Rebori 50
[ INFO] - :58 2022-05-24 22:49:15 - Se añadió a La persona: Vladimir Calderon 30
[ INFO] - :58 2022-05-24 22:49:51 - Se añadió a La persona: David Rojas 19
[ INFO] - :58 2022-05-24 22:49:51 - Se añadió a La persona: Bladimir Baptista 20
[ INFO] - :58 2022-05-24 22:49:51 - Se añadió a La persona: Andrea Garcia 19
[ INFO] - :58 2022-05-24 22:49:51 - Se añadió a La persona: Andres Justiniano 19
[ INFO] - :58 2022-05-24 22:49:51 - Se añadió a La persona: Herbert Rodriguez 19
[ INFO] - :58 2022-05-24 22:49:51 - Se añadió a La persona: Paolo Rebori 50
[ INFO] - :58 2022-05-24 22:49:51 - Se añadió a La persona: Vladimir Calderon 30
[ INFO] - :58 2022-05-24 22:50:36 - Se añadió a La persona: David Rojas 19
[ INFO] - :58 2022-05-24 22:50:36 - Se añadió a La persona: Bladimir Baptista 20
[ INFO] - :58 2022-05-24 22:50:36 - Se añadió a La persona: Andrea Garcia 19
[ INFO] - :58 2022-05-24 22:50:36 - Se añadió a La persona: Andres Justiniano 19
[ INFO] - :58 2022-05-24 22:50:36 - Se añadió a La persona: Herbert Rodriguez 19
[ INFO] - :58 2022-05-24 22:50:36 - Se añadió a La persona: Paolo Rebori 50
[ INFO] - :58 2022-05-24 22:50:36 - Se añadió a La persona: Vladimir Calderon 30
[ INFO] - :58 2022-05-24 22:51:07 - Se añadió a La persona: David Rojas 19
[ INFO] - :58 2022-05-24 22:51:07 - Se añadió a La persona: Bladimir Baptista 20
[ INFO] - :58 2022-05-24 22:51:07 - Se añadió a La persona: Andrea Garcia 19
[ INFO] - :58 2022-05-24 22:51:07 - Se añadió a La persona: Andres Justiniano 19
[ INFO] - :58 2022-05-24 22:51:07 - Se añadió a La persona: Herbert Rodriguez 19
[ INFO] - :58 2022-05-24 22:51:07 - Se añadió a La persona: Paolo Rebori 50
[ INFO] - :58 2022-05-24 22:51:07 - Se añadió a La persona: Vladimir Calderon 30
[ INFO] - :58 2022-05-24 22:51:30 - Se añadió a La persona: David Rojas 19
[ INFO] - :58 2022-05-24 22:51:30 - Se añadió a La persona: Bladimir Baptista 20
[ INFO] - :58 2022-05-24 22:51:30 - Se añadió a La persona: Andrea Garcia 19
[ INFO] - :58 2022-05-24 22:51:30 - Se añadió a La persona: Andres Justiniano 19
[ INFO] - :58 2022-05-24 22:51:30 - Se añadió a La persona: Herbert Rodriguez 19
[ INFO] - :58 2022-05-24 22:51:30 - Se añadió a La persona: Paolo Rebori 50
[ INFO] - :58 2022-05-24 22:51:30 - Se añadió a La persona: Vladimir Calderon 30
[ INFO] - :58 2022-05-24 22:53:22 - Se añadió a La persona: David Rojas 19
[ INFO] - :58 2022-05-24 22:53:22 - Se añadió a La persona: Bladimir Baptista 20
[ INFO] - :58 2022-05-24 22:53:22 - Se añadió a La persona: Andrea Garcia 19
[ INFO] - :58 2022-05-24 22:53:22 - Se añadió a La persona: Andres Justiniano 19
[ INFO] - :58 2022-05-24 22:53:22 - Se añadió a La persona: Herbert Rodriguez 19
[ INFO] - :58 2022-05-24 22:53:22 - Se añadió a La persona: Paolo Rebori 50
[ INFO] - :58 2022-05-24 22:53:22 - Se añadió a La persona: Vladimir Calderon 30
[ INFO] - :58 2022-05-24 22:53:46 - Se añadió a La persona: David Rojas 19
[ INFO] - :58 2022-05-24 22:53:46 - Se añadió a La persona: Bladimir Baptista 20
[ INFO] - :58 2022-05-24 22:53:46 - Se añadió a La persona: Andrea Garcia 19
[ INFO] - :58 2022-05-24 22:53:46 - Se añadió a La persona: Andres Justiniano 19
[ INFO] - :58 2022-05-24 22:53:46 - Se añadió a La persona: Herbert Rodriguez 19
[ INFO] - :58 2022-05-24 22:53:46 - Se añadió a La persona: Paolo Rebori 50
[ INFO] - :58 2022-05-24 22:53:46 - Se añadió a La persona: Vladimir Calderon 30
[ INFO] - :58 2022-05-24 22:55:04 - Se añadió a La persona: David Rojas 19
[ INFO] - :58 2022-05-24 22:55:04 - Se añadió a La persona: Bladimir Baptista 20
[ INFO] - :58 2022-05-24 22:55:04 - Se añadió a La persona: Andrea Garcia 19
[ INFO] - :58 2022-05-24 22:55:04 - Se añadió a La persona: Andres Justiniano 19
[ INFO] - :58 2022-05-24 22:55:04 - Se añadió a La persona: Herbert Rodriguez 19
[ INFO] - :58 2022-05-24 22:55:04 - Se añadió a La persona: Paolo Rebori 50
[ INFO] - :58 2022-05-24 22:55:04 - Se añadió a La persona: Vladimir Calderon 30
[ INFO] - :58 2022-05-24 22:59:19 - Se añadió a La persona: David Rojas 19
[ INFO] - :58 2022-05-24 22:59:19 - Se añadió a La persona: Bladimir Baptista 20
[ INFO] - :58 2022-05-24 22:59:19 - Se añadió a La persona: Andrea Garcia 19
[ INFO] - :58 2022-05-24 22:59:19 - Se añadió a La persona: Andres Justiniano 19
[ INFO] - :58 2022-05-24 22:59:19 - Se añadió a La persona: Herbert Rodriguez 19
[ INFO] - :58 2022-05-24 22:59:19 - Se añadió a La persona: Paolo Rebori 50
[ INFO] - :58 2022-05-24 22:59:19 - Se añadió a La persona: Vladimir Calderon 30
[ INFO] - :58 2022-05-24 23:03:57 - Se añadió a La persona: David Rojas 19
[ INFO] - :58 2022-05-24 23:03:57 - Se añadió a La persona: Bladimir Baptista 20
[ INFO] - :58 2022-05-24 23:03:57 - Se añadió a La persona: Andrea Garcia 19
[ INFO] - :58 2022-05-24 23:03:57 - Se añadió a La persona: Andres Justiniano 19
[ INFO] - :58 2022-05-24 23:03:57 - Se añadió a La persona: Herbert Rodriguez 19
[ INFO] - :58 2022-05-24 23:03:57 - Se añadió a La persona: Paolo Rebori 50
[ INFO] - :58 2022-05-24 23:03:57 - Se añadió a La persona: Vladimir Calderon 30
